c:\users\wadrw\onedrive\documents\develop\projects\specy\sinclair_spec_emu\vs\specy\specy\x64\debug\vc143.pdb
c:\users\wadrw\onedrive\documents\develop\projects\specy\sinclair_spec_emu\vs\specy\specy\x64\debug\vc143.idb
c:\users\wadrw\onedrive\documents\develop\projects\specy\sinclair_spec_emu\vs\specy\specy\x64\debug\zx_spectrum_tap.obj
c:\users\wadrw\onedrive\documents\develop\projects\specy\sinclair_spec_emu\vs\specy\specy\x64\debug\zx_spectrum.obj
c:\users\wadrw\onedrive\documents\develop\projects\specy\sinclair_spec_emu\vs\specy\specy\x64\debug\z80_test.obj
c:\users\wadrw\onedrive\documents\develop\projects\specy\sinclair_spec_emu\vs\specy\specy\x64\debug\windowstools.obj
c:\users\wadrw\onedrive\documents\develop\projects\specy\sinclair_spec_emu\vs\specy\specy\x64\debug\ula.obj
c:\users\wadrw\onedrive\documents\develop\projects\specy\sinclair_spec_emu\vs\specy\specy\x64\debug\opcodesimpl.obj
c:\users\wadrw\onedrive\documents\develop\projects\specy\sinclair_spec_emu\vs\specy\specy\x64\debug\keyboard.obj
c:\users\wadrw\onedrive\documents\develop\projects\specy\sinclair_spec_emu\vs\specy\specy\x64\debug\kaitaistream.obj
c:\users\wadrw\onedrive\documents\develop\projects\specy\sinclair_spec_emu\vs\specy\specy\x64\debug\io.obj
c:\users\wadrw\onedrive\documents\develop\projects\specy\sinclair_spec_emu\vs\specy\specy\x64\debug\display.obj
c:\users\wadrw\onedrive\documents\develop\projects\specy\sinclair_spec_emu\vs\specy\x64\debug\specy.exe
c:\users\wadrw\onedrive\documents\develop\projects\specy\sinclair_spec_emu\vs\specy\x64\debug\specy.pdb
c:\users\wadrw\onedrive\documents\develop\projects\specy\sinclair_spec_emu\vs\specy\specy\x64\debug\cpu.obj
c:\users\wadrw\onedrive\documents\develop\projects\specy\sinclair_spec_emu\vs\specy\specy\x64\debug\specy.ilk
c:\users\wadrw\onedrive\documents\develop\projects\specy\sinclair_spec_emu\vs\specy\specy\x64\debug\specy.tlog\cl.command.1.tlog
c:\users\wadrw\onedrive\documents\develop\projects\specy\sinclair_spec_emu\vs\specy\specy\x64\debug\specy.tlog\cl.items.tlog
c:\users\wadrw\onedrive\documents\develop\projects\specy\sinclair_spec_emu\vs\specy\specy\x64\debug\specy.tlog\cl.read.1.tlog
c:\users\wadrw\onedrive\documents\develop\projects\specy\sinclair_spec_emu\vs\specy\specy\x64\debug\specy.tlog\cl.write.1.tlog
c:\users\wadrw\onedrive\documents\develop\projects\specy\sinclair_spec_emu\vs\specy\specy\x64\debug\specy.tlog\link.command.1.tlog
c:\users\wadrw\onedrive\documents\develop\projects\specy\sinclair_spec_emu\vs\specy\specy\x64\debug\specy.tlog\link.read.1.tlog
c:\users\wadrw\onedrive\documents\develop\projects\specy\sinclair_spec_emu\vs\specy\specy\x64\debug\specy.tlog\link.secondary.1.tlog
c:\users\wadrw\onedrive\documents\develop\projects\specy\sinclair_spec_emu\vs\specy\specy\x64\debug\specy.tlog\link.write.1.tlog
c:\users\wadrw\onedrive\documents\develop\projects\specy\sinclair_spec_emu\vs\specy\specy\x64\debug\specy.tlog\masm.read.1u.tlog
c:\users\wadrw\onedrive\documents\develop\projects\specy\sinclair_spec_emu\vs\specy\specy\x64\debug\specy.tlog\masm.write.1u.tlog
